Using pre-set license
Built from '2020.3/staging' branch; Version is '2020.3.3f1 (76626098c1c4) revision 7758432'; Using compiler version '192528614'; Build Type 'Release'
OS: 'Windows 10 Pro; OS build 19042.1165; Version 2009; 64bit' Language: 'en' Physical Memory: 12172 MB
BatchMode: 1, IsHumanControllingUs: 0, StartBugReporterOnCrash: 0, Is64bit: 1, IsPro: 0

 COMMAND LINE ARGUMENTS:
C:\Program Files\Unity\Hub\Editor\2020.3.3f1\Editor\Unity.exe
-adb2
-batchMode
-noUpm
-name
AssetImportWorker0
-projectPath
C:/Users/Rextus/Desktop/project/Internsipp/unity/incremental game
-logFile
Logs/AssetImportWorker0.log
-srvPort
54876
Successfully changed project path to: C:/Users/Rextus/Desktop/project/Internsipp/unity/incremental game
C:/Users/Rextus/Desktop/project/Internsipp/unity/incremental game
Using Asset Import Pipeline V2.
Refreshing native plugins compatible for Editor in 72.69 ms, found 1 plugins.
Preloading 0 native plugins for Editor in 0.00 ms.
Initialize engine version: 2020.3.3f1 (76626098c1c4)
[Subsystems] Discovering subsystems at path C:/Program Files/Unity/Hub/Editor/2020.3.3f1/Editor/Data/Resources/UnitySubsystems
[Subsystems] Discovering subsystems at path C:/Users/Rextus/Desktop/project/Internsipp/unity/incremental game/Assets
GfxDevice: creating device client; threaded=0
Direct3D:
    Version:  Direct3D 11.0 [level 11.1]
    Renderer: NVIDIA GeForce MX150 (ID=0x1d10)
    Vendor:   
    VRAM:     1983 MB
    Driver:   27.21.14.5655
Initialize mono
Mono path[0] = 'C:/Program Files/Unity/Hub/Editor/2020.3.3f1/Editor/Data/Managed'
Mono path[1] = 'C:/Program Files/Unity/Hub/Editor/2020.3.3f1/Editor/Data/MonoBleedingEdge/lib/mono/unityjit'
Mono config path = 'C:/Program Files/Unity/Hub/Editor/2020.3.3f1/Editor/Data/MonoBleedingEdge/etc'
Using monoOptions --debugger-agent=transport=dt_socket,embedding=1,server=y,suspend=n,address=127.0.0.1:56500
Begin MonoManager ReloadAssembly
Registering precompiled unity dll's ...
Register platform support module: C:/Program Files/Unity/Hub/Editor/2020.3.3f1/Editor/Data/PlaybackEngines/WebGLSupport/UnityEditor.WebGL.Extensions.dll
Register platform support module: C:/Program Files/Unity/Hub/Editor/2020.3.3f1/Editor/Data/PlaybackEngines/WindowsStandaloneSupport/UnityEditor.WindowsStandalone.Extensions.dll
Registered in 0.003376 seconds.
Native extension for WindowsStandalone target not found
Native extension for WebGL target not found
Refreshing native plugins compatible for Editor in 56.54 ms, found 1 plugins.
Preloading 0 native plugins for Editor in 0.00 ms.
Invoked RoslynAnalysisRunner static constructor.
RoslynAnalysisRunner will not be running.
RoslynAnalysisRunner has terminated.
Mono: successfully reloaded assembly
- Completed reload, in  2.137 seconds
Platform modules already initialized, skipping
Registering precompiled user dll's ...
Registered in 0.002587 seconds.
Begin MonoManager ReloadAssembly
Native extension for WindowsStandalone target not found
Native extension for WebGL target not found
Refreshing native plugins compatible for Editor in 74.77 ms, found 1 plugins.
Preloading 0 native plugins for Editor in 0.00 ms.
Invoked RoslynAnalysisRunner static constructor.
RoslynAnalysisRunner will not be running.
RoslynAnalysisRunner has terminated.
Mono: successfully reloaded assembly
- Completed reload, in  2.438 seconds
Platform modules already initialized, skipping
========================================================================
Worker process is ready to serve import requests
Launched and connected shader compiler UnityShaderCompiler.exe after 0.06 seconds
Refreshing native plugins compatible for Editor in 0.44 ms, found 1 plugins.
Preloading 0 native plugins for Editor in 0.00 ms.
Unloading 1813 Unused Serialized files (Serialized files now loaded: 0)
System memory in use before: 85.1 MB.
System memory in use after: 85.0 MB.

Unloading 24 unused Assets to reduce memory usage. Loaded Objects now: 2257.
Total: 3.028900 ms (FindLiveObjects: 0.248000 ms CreateObjectMapping: 0.132900 ms MarkObjects: 2.454100 ms  DeleteObjects: 0.191400 ms)

========================================================================
Received Import Request.
  path: Assets/script/ResourceController.cs
  artifactKey: Guid(ff17af4bc97ac1f489b0b62600f016be) Importer(815301076,1909f56bfc062723c751e8b465ee728b)
Start importing Assets/script/ResourceController.cs using Guid(ff17af4bc97ac1f489b0b62600f016be) Importer(815301076,1909f56bfc062723c751e8b465ee728b)  -> (artifact id: 'e62940da013e54fe2862f831725afebd') in 0.683789 seconds
  Import took 0.689220 seconds .

========================================================================
Received Prepare
Refreshing native plugins compatible for Editor in 2.79 ms, found 1 plugins.
Preloading 0 native plugins for Editor in 0.00 ms.
Unloading 10 Unused Serialized files (Serialized files now loaded: 0)
System memory in use before: 49.3 MB.
System memory in use after: 49.3 MB.

Unloading 10 unused Assets to reduce memory usage. Loaded Objects now: 2257.
Total: 3.155500 ms (FindLiveObjects: 0.456300 ms CreateObjectMapping: 0.162200 ms MarkObjects: 2.424800 ms  DeleteObjects: 0.109400 ms)

========================================================================
Received Prepare
Registering precompiled user dll's ...
Registered in 0.001184 seconds.
Begin MonoManager ReloadAssembly
Native extension for WindowsStandalone target not found
Native extension for WebGL target not found
Refreshing native plugins compatible for Editor in 0.37 ms, found 1 plugins.
Preloading 0 native plugins for Editor in 0.00 ms.
Invoked RoslynAnalysisRunner static constructor.
RoslynAnalysisRunner will not be running.
RoslynAnalysisRunner has terminated.
Mono: successfully reloaded assembly
- Completed reload, in  0.944 seconds
Platform modules already initialized, skipping
Refreshing native plugins compatible for Editor in 0.40 ms, found 1 plugins.
Preloading 0 native plugins for Editor in 0.00 ms.
Unloading 1808 Unused Serialized files (Serialized files now loaded: 0)
System memory in use before: 85.0 MB.
System memory in use after: 85.0 MB.

Unloading 12 unused Assets to reduce memory usage. Loaded Objects now: 2261.
Total: 2.491300 ms (FindLiveObjects: 0.249300 ms CreateObjectMapping: 0.108000 ms MarkObjects: 2.015400 ms  DeleteObjects: 0.117200 ms)

========================================================================
Received Prepare
Registering precompiled user dll's ...
Registered in 0.001142 seconds.
Begin MonoManager ReloadAssembly
Native extension for WindowsStandalone target not found
Native extension for WebGL target not found
Refreshing native plugins compatible for Editor in 0.52 ms, found 1 plugins.
Preloading 0 native plugins for Editor in 0.00 ms.
Invoked RoslynAnalysisRunner static constructor.
RoslynAnalysisRunner will not be running.
RoslynAnalysisRunner has terminated.
Mono: successfully reloaded assembly
- Completed reload, in  1.256 seconds
Platform modules already initialized, skipping
Refreshing native plugins compatible for Editor in 0.42 ms, found 1 plugins.
Preloading 0 native plugins for Editor in 0.00 ms.
Unloading 1808 Unused Serialized files (Serialized files now loaded: 0)
System memory in use before: 85.1 MB.
System memory in use after: 85.0 MB.

Unloading 12 unused Assets to reduce memory usage. Loaded Objects now: 2265.
Total: 2.743600 ms (FindLiveObjects: 0.372400 ms CreateObjectMapping: 0.090900 ms MarkObjects: 2.153200 ms  DeleteObjects: 0.124900 ms)

========================================================================
Received Import Request.
  Time since last request: 485.200062 seconds.
  path: Assets/script/GameManager.cs
  artifactKey: Guid(554712f689e61f840bf4348a037693d1) Importer(815301076,1909f56bfc062723c751e8b465ee728b)
Start importing Assets/script/GameManager.cs using Guid(554712f689e61f840bf4348a037693d1) Importer(815301076,1909f56bfc062723c751e8b465ee728b)  -> (artifact id: '0c0a4201d645c8d9635a8475ca82ac10') in 0.011220 seconds
  Import took 0.014770 seconds .

========================================================================
Received Prepare
Registering precompiled user dll's ...
Registered in 0.001217 seconds.
Begin MonoManager ReloadAssembly
Native extension for WindowsStandalone target not found
Native extension for WebGL target not found
Refreshing native plugins compatible for Editor in 0.40 ms, found 1 plugins.
Preloading 0 native plugins for Editor in 0.00 ms.
Invoked RoslynAnalysisRunner static constructor.
RoslynAnalysisRunner will not be running.
RoslynAnalysisRunner has terminated.
Mono: successfully reloaded assembly
- Completed reload, in  0.932 seconds
Platform modules already initialized, skipping
Refreshing native plugins compatible for Editor in 0.39 ms, found 1 plugins.
Preloading 0 native plugins for Editor in 0.00 ms.
Unloading 1808 Unused Serialized files (Serialized files now loaded: 0)
System memory in use before: 85.1 MB.
System memory in use after: 85.1 MB.

Unloading 12 unused Assets to reduce memory usage. Loaded Objects now: 2269.
Total: 3.415100 ms (FindLiveObjects: 0.326500 ms CreateObjectMapping: 0.080600 ms MarkObjects: 2.877700 ms  DeleteObjects: 0.128600 ms)

========================================================================
Received Import Request.
  Time since last request: 113.395049 seconds.
  path: Assets/script/GameManager.cs
  artifactKey: Guid(554712f689e61f840bf4348a037693d1) Importer(815301076,1909f56bfc062723c751e8b465ee728b)
Start importing Assets/script/GameManager.cs using Guid(554712f689e61f840bf4348a037693d1) Importer(815301076,1909f56bfc062723c751e8b465ee728b)  -> (artifact id: '9ff0be35e119679ca1420712185a8b6f') in 0.005001 seconds
  Import took 0.008021 seconds .

========================================================================
Received Prepare
Registering precompiled user dll's ...
Registered in 0.001406 seconds.
Begin MonoManager ReloadAssembly
Native extension for WindowsStandalone target not found
Native extension for WebGL target not found
Refreshing native plugins compatible for Editor in 0.46 ms, found 1 plugins.
Preloading 0 native plugins for Editor in 0.00 ms.
Invoked RoslynAnalysisRunner static constructor.
RoslynAnalysisRunner will not be running.
RoslynAnalysisRunner has terminated.
Mono: successfully reloaded assembly
- Completed reload, in  1.218 seconds
Platform modules already initialized, skipping
Refreshing native plugins compatible for Editor in 0.43 ms, found 1 plugins.
Preloading 0 native plugins for Editor in 0.00 ms.
Unloading 1808 Unused Serialized files (Serialized files now loaded: 0)
System memory in use before: 85.1 MB.
System memory in use after: 85.1 MB.

Unloading 12 unused Assets to reduce memory usage. Loaded Objects now: 2273.
Total: 3.881900 ms (FindLiveObjects: 0.925900 ms CreateObjectMapping: 0.225700 ms MarkObjects: 2.576200 ms  DeleteObjects: 0.150000 ms)

========================================================================
Received Import Request.
  Time since last request: 79.065171 seconds.
  path: Assets/script/AchievementController.cs
  artifactKey: Guid(5c7392b832a82d948823dc22b05f8104) Importer(815301076,1909f56bfc062723c751e8b465ee728b)
Start importing Assets/script/AchievementController.cs using Guid(5c7392b832a82d948823dc22b05f8104) Importer(815301076,1909f56bfc062723c751e8b465ee728b)  -> (artifact id: 'bec8a3f1954177eb7365f2f6670de4eb') in 0.009011 seconds
  Import took 0.013397 seconds .

========================================================================
Received Import Request.
  Time since last request: 0.002344 seconds.
  path: Assets/script/AchievementController.cs
  artifactKey: Guid(5c7392b832a82d948823dc22b05f8104) Importer(815301076,1909f56bfc062723c751e8b465ee728b)
Start importing Assets/script/AchievementController.cs using Guid(5c7392b832a82d948823dc22b05f8104) Importer(815301076,1909f56bfc062723c751e8b465ee728b)  -> (artifact id: 'bec8a3f1954177eb7365f2f6670de4eb') in 0.002954 seconds
  Import took 0.006133 seconds .

========================================================================
Received Import Request.
  Time since last request: 22.329886 seconds.
  path: Assets/Prefabs/Resource UI.prefab
  artifactKey: Guid(299295accc07cd640a2b86c542378dbf) Importer(815301076,1909f56bfc062723c751e8b465ee728b)
Start importing Assets/Prefabs/Resource UI.prefab using Guid(299295accc07cd640a2b86c542378dbf) Importer(815301076,1909f56bfc062723c751e8b465ee728b)  -> (artifact id: '2af275372d945ac50206f5b7f46e0a2a') in 0.056539 seconds
  Import took 0.059652 seconds .

========================================================================
Received Import Request.
  Time since last request: 4.951369 seconds.
  path: Assets/Prefabs/Resource UI.prefab
  artifactKey: Guid(299295accc07cd640a2b86c542378dbf) Importer(815301076,1909f56bfc062723c751e8b465ee728b)
Start importing Assets/Prefabs/Resource UI.prefab using Guid(299295accc07cd640a2b86c542378dbf) Importer(815301076,1909f56bfc062723c751e8b465ee728b)  -> (artifact id: '1c2a13aed7653ec9e59928f828fe5a69') in 0.006907 seconds
  Import took 0.010079 seconds .

========================================================================
Received Prepare
Registering precompiled user dll's ...
Registered in 0.001152 seconds.
Begin MonoManager ReloadAssembly
Native extension for WindowsStandalone target not found
Native extension for WebGL target not found
Refreshing native plugins compatible for Editor in 0.39 ms, found 1 plugins.
Preloading 0 native plugins for Editor in 0.00 ms.
Invoked RoslynAnalysisRunner static constructor.
RoslynAnalysisRunner will not be running.
RoslynAnalysisRunner has terminated.
Mono: successfully reloaded assembly
- Completed reload, in  0.913 seconds
Platform modules already initialized, skipping
Refreshing native plugins compatible for Editor in 0.41 ms, found 1 plugins.
Preloading 0 native plugins for Editor in 0.00 ms.
Unloading 1808 Unused Serialized files (Serialized files now loaded: 0)
System memory in use before: 85.2 MB.
System memory in use after: 85.2 MB.

Unloading 13 unused Assets to reduce memory usage. Loaded Objects now: 2279.
Total: 2.933200 ms (FindLiveObjects: 0.497800 ms CreateObjectMapping: 0.143000 ms MarkObjects: 2.152500 ms  DeleteObjects: 0.138100 ms)

========================================================================
Received Prepare
Registering precompiled user dll's ...
Registered in 0.001130 seconds.
Begin MonoManager ReloadAssembly
Native extension for WindowsStandalone target not found
Native extension for WebGL target not found
Refreshing native plugins compatible for Editor in 0.45 ms, found 1 plugins.
Preloading 0 native plugins for Editor in 0.00 ms.
Invoked RoslynAnalysisRunner static constructor.
RoslynAnalysisRunner will not be running.
RoslynAnalysisRunner has terminated.
Mono: successfully reloaded assembly
- Completed reload, in  0.968 seconds
Platform modules already initialized, skipping
Refreshing native plugins compatible for Editor in 0.37 ms, found 1 plugins.
Preloading 0 native plugins for Editor in 0.00 ms.
Unloading 1808 Unused Serialized files (Serialized files now loaded: 0)
System memory in use before: 85.2 MB.
System memory in use after: 85.2 MB.

Unloading 12 unused Assets to reduce memory usage. Loaded Objects now: 2283.
Total: 2.653200 ms (FindLiveObjects: 0.353600 ms CreateObjectMapping: 0.135300 ms MarkObjects: 2.039200 ms  DeleteObjects: 0.123600 ms)

========================================================================
Received Prepare
Registering precompiled user dll's ...
Registered in 0.001158 seconds.
Begin MonoManager ReloadAssembly
Native extension for WindowsStandalone target not found
Native extension for WebGL target not found
Refreshing native plugins compatible for Editor in 0.41 ms, found 1 plugins.
Preloading 0 native plugins for Editor in 0.00 ms.
Invoked RoslynAnalysisRunner static constructor.
RoslynAnalysisRunner will not be running.
RoslynAnalysisRunner has terminated.
Mono: successfully reloaded assembly
- Completed reload, in  0.939 seconds
Platform modules already initialized, skipping
Refreshing native plugins compatible for Editor in 0.35 ms, found 1 plugins.
Preloading 0 native plugins for Editor in 0.00 ms.
Unloading 1808 Unused Serialized files (Serialized files now loaded: 0)
System memory in use before: 85.2 MB.
System memory in use after: 85.2 MB.

Unloading 12 unused Assets to reduce memory usage. Loaded Objects now: 2287.
Total: 2.519900 ms (FindLiveObjects: 0.210900 ms CreateObjectMapping: 0.081900 ms MarkObjects: 2.103400 ms  DeleteObjects: 0.122400 ms)

========================================================================
Received Prepare
Registering precompiled user dll's ...
Registered in 0.001165 seconds.
Begin MonoManager ReloadAssembly
Native extension for WindowsStandalone target not found
Native extension for WebGL target not found
Refreshing native plugins compatible for Editor in 0.46 ms, found 1 plugins.
Preloading 0 native plugins for Editor in 0.00 ms.
Invoked RoslynAnalysisRunner static constructor.
RoslynAnalysisRunner will not be running.
RoslynAnalysisRunner has terminated.
Mono: successfully reloaded assembly
- Completed reload, in  0.952 seconds
Platform modules already initialized, skipping
Refreshing native plugins compatible for Editor in 0.49 ms, found 1 plugins.
Preloading 0 native plugins for Editor in 0.00 ms.
Unloading 1808 Unused Serialized files (Serialized files now loaded: 0)
System memory in use before: 85.2 MB.
System memory in use after: 85.2 MB.

Unloading 12 unused Assets to reduce memory usage. Loaded Objects now: 2291.
Total: 2.988200 ms (FindLiveObjects: 0.378700 ms CreateObjectMapping: 0.143500 ms MarkObjects: 2.326200 ms  DeleteObjects: 0.138000 ms)

========================================================================
Received Prepare
Registering precompiled user dll's ...
Registered in 0.001122 seconds.
Begin MonoManager ReloadAssembly
Native extension for WindowsStandalone target not found
Native extension for WebGL target not found
Refreshing native plugins compatible for Editor in 0.47 ms, found 1 plugins.
Preloading 0 native plugins for Editor in 0.00 ms.
Invoked RoslynAnalysisRunner static constructor.
RoslynAnalysisRunner will not be running.
RoslynAnalysisRunner has terminated.
Mono: successfully reloaded assembly
- Completed reload, in  0.900 seconds
Platform modules already initialized, skipping
Refreshing native plugins compatible for Editor in 0.38 ms, found 1 plugins.
Preloading 0 native plugins for Editor in 0.00 ms.
Unloading 1808 Unused Serialized files (Serialized files now loaded: 0)
System memory in use before: 85.2 MB.
System memory in use after: 85.2 MB.

Unloading 12 unused Assets to reduce memory usage. Loaded Objects now: 2295.
Total: 2.671400 ms (FindLiveObjects: 0.268300 ms CreateObjectMapping: 0.103300 ms MarkObjects: 2.176000 ms  DeleteObjects: 0.121500 ms)

========================================================================
Received Prepare
Refreshing native plugins compatible for Editor in 1.94 ms, found 1 plugins.
Preloading 0 native plugins for Editor in 0.00 ms.
Unloading 10 Unused Serialized files (Serialized files now loaded: 0)
System memory in use before: 49.7 MB.
System memory in use after: 49.7 MB.

Unloading 10 unused Assets to reduce memory usage. Loaded Objects now: 2295.
Total: 6.026800 ms (FindLiveObjects: 0.909700 ms CreateObjectMapping: 0.369400 ms MarkObjects: 4.462000 ms  DeleteObjects: 0.281000 ms)

========================================================================
Received Import Request.
  Time since last request: 514.908589 seconds.
  path: Assets/Prefabs/Resource UI.prefab
  artifactKey: Guid(299295accc07cd640a2b86c542378dbf) Importer(815301076,1909f56bfc062723c751e8b465ee728b)
Start importing Assets/Prefabs/Resource UI.prefab using Guid(299295accc07cd640a2b86c542378dbf) Importer(815301076,1909f56bfc062723c751e8b465ee728b)  -> (artifact id: '56f69773d2b920f182def9102c7dac83') in 0.039167 seconds
  Import took 0.042448 seconds .

========================================================================
Received Import Request.
  Time since last request: 1.732418 seconds.
  path: Assets/Prefabs/Resource UI.prefab
  artifactKey: Guid(299295accc07cd640a2b86c542378dbf) Importer(815301076,1909f56bfc062723c751e8b465ee728b)
Start importing Assets/Prefabs/Resource UI.prefab using Guid(299295accc07cd640a2b86c542378dbf) Importer(815301076,1909f56bfc062723c751e8b465ee728b)  -> (artifact id: 'cec185a7841b97f7f8f2baae146f29ff') in 0.006817 seconds
  Import took 0.009975 seconds .

========================================================================
Received Import Request.
  Time since last request: 2.251478 seconds.
  path: Assets/Prefabs/Resource UI.prefab
  artifactKey: Guid(299295accc07cd640a2b86c542378dbf) Importer(815301076,1909f56bfc062723c751e8b465ee728b)
Start importing Assets/Prefabs/Resource UI.prefab using Guid(299295accc07cd640a2b86c542378dbf) Importer(815301076,1909f56bfc062723c751e8b465ee728b)  -> (artifact id: 'a4bfa5283c1421a750d2a5852d6d3e15') in 0.005868 seconds
  Import took 0.008993 seconds .

========================================================================
Received Import Request.
  Time since last request: 10.994397 seconds.
  path: Assets/Prefabs/Resource UI.prefab
  artifactKey: Guid(299295accc07cd640a2b86c542378dbf) Importer(815301076,1909f56bfc062723c751e8b465ee728b)
Start importing Assets/Prefabs/Resource UI.prefab using Guid(299295accc07cd640a2b86c542378dbf) Importer(815301076,1909f56bfc062723c751e8b465ee728b)  -> (artifact id: 'c60bda9d57312ddc897bba01c1340753') in 0.004782 seconds
  Import took 0.008008 seconds .

========================================================================
Received Import Request.
  Time since last request: 2.622662 seconds.
  path: Assets/Prefabs/Resource UI.prefab
  artifactKey: Guid(299295accc07cd640a2b86c542378dbf) Importer(815301076,1909f56bfc062723c751e8b465ee728b)
Start importing Assets/Prefabs/Resource UI.prefab using Guid(299295accc07cd640a2b86c542378dbf) Importer(815301076,1909f56bfc062723c751e8b465ee728b)  -> (artifact id: 'a019ce62661d38d308d266ebc41d2edf') in 0.007814 seconds
  Import took 0.011343 seconds .

========================================================================
Received Prepare
Registering precompiled user dll's ...
Registered in 0.001108 seconds.
Begin MonoManager ReloadAssembly
Native extension for WindowsStandalone target not found
Native extension for WebGL target not found
Refreshing native plugins compatible for Editor in 0.41 ms, found 1 plugins.
Preloading 0 native plugins for Editor in 0.00 ms.
Invoked RoslynAnalysisRunner static constructor.
RoslynAnalysisRunner will not be running.
RoslynAnalysisRunner has terminated.
Mono: successfully reloaded assembly
- Completed reload, in  3.013 seconds
Platform modules already initialized, skipping
Refreshing native plugins compatible for Editor in 0.85 ms, found 1 plugins.
Preloading 0 native plugins for Editor in 0.00 ms.
Unloading 1808 Unused Serialized files (Serialized files now loaded: 0)
System memory in use before: 85.2 MB.
System memory in use after: 85.2 MB.

Unloading 13 unused Assets to reduce memory usage. Loaded Objects now: 2299.
Total: 9.440600 ms (FindLiveObjects: 1.106400 ms CreateObjectMapping: 0.303700 ms MarkObjects: 7.617900 ms  DeleteObjects: 0.409600 ms)

========================================================================
Received Prepare
Refreshing native plugins compatible for Editor in 2.28 ms, found 1 plugins.
Preloading 0 native plugins for Editor in 0.00 ms.
Unloading 10 Unused Serialized files (Serialized files now loaded: 0)
System memory in use before: 49.7 MB.
System memory in use after: 49.7 MB.

Unloading 10 unused Assets to reduce memory usage. Loaded Objects now: 2299.
Total: 3.334700 ms (FindLiveObjects: 0.477500 ms CreateObjectMapping: 0.183500 ms MarkObjects: 2.517700 ms  DeleteObjects: 0.154000 ms)

========================================================================
Received Prepare
Refreshing native plugins compatible for Editor in 1.92 ms, found 1 plugins.
Preloading 0 native plugins for Editor in 0.00 ms.
Unloading 10 Unused Serialized files (Serialized files now loaded: 0)
System memory in use before: 49.7 MB.
System memory in use after: 49.7 MB.

Unloading 10 unused Assets to reduce memory usage. Loaded Objects now: 2299.
Total: 6.544000 ms (FindLiveObjects: 0.586100 ms CreateObjectMapping: 0.228900 ms MarkObjects: 5.345500 ms  DeleteObjects: 0.378900 ms)

========================================================================
Received Prepare
Refreshing native plugins compatible for Editor in 1.82 ms, found 1 plugins.
Preloading 0 native plugins for Editor in 0.00 ms.
Unloading 10 Unused Serialized files (Serialized files now loaded: 0)
System memory in use before: 49.7 MB.
System memory in use after: 49.7 MB.

Unloading 10 unused Assets to reduce memory usage. Loaded Objects now: 2299.
Total: 3.674600 ms (FindLiveObjects: 0.469700 ms CreateObjectMapping: 0.270200 ms MarkObjects: 2.813800 ms  DeleteObjects: 0.119100 ms)

AssetImportWorkerClient::OnTransportError - code=2 error=End of file
